生成启动时间为 2022/9/14 15:24:13。
     1>项目“D:\yjjc\text_9_\text_9_\text_9_.vcxproj”在节点 2 上(build 个目标)。
     1>InitializeBuildStatus:
         正在创建“Debug\text_9_.unsuccessfulbuild”，因为已指定“AlwaysCreate”。
       ClCompile:
         d:\vs2010\vs2010\VC\bin\CL.exe /c /ZI /nologo /W3 /WX- /Od /Oy- /D _MBCS /Gm /EHsc /RTC1 /MDd /GS /fp:precise /Zc:wchar_t /Zc:forScope /Fo"Debug\\" /Fd"Debug\vc100.pdb" /Gd /TC /analyze- /errorReport:prompt text2.c
         text2.c
     1>d:\yjjc\text_9_\text_9_\text2.c(62): warning C4996: 'scanf': This function or variable may be unsafe. Consider using scanf_s instead. To disable deprecation, use _CRT_SECURE_NO_WARNINGS. See online help for details.
                 d:\vs2010\vs2010\vc\include\stdio.h(304) : 参见“scanf”的声明
     1>d:\yjjc\text_9_\text_9_\text2.c(86): warning C4996: 'scanf': This function or variable may be unsafe. Consider using scanf_s instead. To disable deprecation, use _CRT_SECURE_NO_WARNINGS. See online help for details.
                 d:\vs2010\vs2010\vc\include\stdio.h(304) : 参见“scanf”的声明
     1>d:\yjjc\text_9_\text_9_\text2.c(105): warning C4996: 'scanf': This function or variable may be unsafe. Consider using scanf_s instead. To disable deprecation, use _CRT_SECURE_NO_WARNINGS. See online help for details.
                 d:\vs2010\vs2010\vc\include\stdio.h(304) : 参见“scanf”的声明
       Link:
         d:\vs2010\vs2010\VC\bin\link.exe /ERRORREPORT:PROMPT /OUT:"D:\yjjc\text_9_\Debug\text_9_.exe" /NOLOGO kernel32.lib user32.lib gdi32.lib winspool.lib comdlg32.lib advapi32.lib shell32.lib ole32.lib oleaut32.lib uuid.lib odbc32.lib odbccp32.lib /MANIFEST /ManifestFile:"Debug\text_9_.exe.intermediate.manifest" /MANIFESTUAC:"level='asInvoker' uiAccess='false'" /DEBUG /PDB:"D:\yjjc\text_9_\Debug\text_9_.pdb" /SUBSYSTEM:CONSOLE /TLBID:1 /DYNAMICBASE /NXCOMPAT /IMPLIB:"D:\yjjc\text_9_\Debug\text_9_.lib" /MACHINE:X86 Debug\text2.obj
         LINK : 没有找到 D:\yjjc\text_9_\Debug\text_9_.exe 或上一个增量链接没有生成它；正在执行完全链接
         text_9_.vcxproj -> D:\yjjc\text_9_\Debug\text_9_.exe
       Manifest:
         C:\Program Files (x86)\Microsoft SDKs\Windows\v7.0A\bin\mt.exe /nologo /verbose /outputresource:"D:\yjjc\text_9_\Debug\text_9_.exe;#1" /manifest Debug\text_9_.exe.intermediate.manifest
       FinalizeBuildStatus:
         正在删除文件“Debug\text_9_.unsuccessfulbuild”。
         正在对“Debug\text_9_.lastbuildstate”执行 Touch 任务。
     1>已完成生成项目“D:\yjjc\text_9_\text_9_\text_9_.vcxproj”(build 个目标)的操作。

生成成功。

已用时间 00:00:01.40
